Flutter crash report.
Please report a bug at https://github.com/flutter/flutter/issues.

## command

flutter pub get --no-example

## exception

PathNotFoundException: PathNotFoundException: Cannot open file, path = '/Users/buiquoctinh/Downloads/Flutter-Delivery-App-main/flutter/version' (OS Error: No such file or directory, errno = 2)

```
#0      _File.throwIfError (dart:io/file_impl.dart:675:7)
#1      _File.openSync (dart:io/file_impl.dart:490:5)
#2      _File.readAsBytesSync (dart:io/file_impl.dart:574:18)
#3      _File.readAsStringSync (dart:io/file_impl.dart:624:18)
#4      ForwardingFile.readAsStringSync (package:file/src/forwarding/forwarding_file.dart:99:16)
#5      ErrorHandlingFile.readAsStringSync.<anonymous closure> (package:flutter_tools/src/base/error_handling_io.dart:217:22)
#6      _runSync (package:flutter_tools/src/base/error_handling_io.dart:587:14)
#7      ErrorHandlingFile.readAsStringSync (package:flutter_tools/src/base/error_handling_io.dart:216:12)
#8      _DefaultPub._updateVersionAndPackageConfig (package:flutter_tools/src/dart/pub.dart:660:50)
#9      _DefaultPub.interactively (package:flutter_tools/src/dart/pub.dart:538:13)
<asynchronous suspension>
#10     PackagesGetCommand.runCommand (package:flutter_tools/src/commands/packages.dart:346:7)
<asynchronous suspension>
#11     FlutterCommand.run.<anonymous closure> (package:flutter_tools/src/runner/flutter_command.dart:1394:27)
<asynchronous suspension>
#12     AppContext.run.<anonymous closure> (package:flutter_tools/src/base/context.dart:153:19)
<asynchronous suspension>
#13     CommandRunner.runCommand (package:args/command_runner.dart:212:13)
<asynchronous suspension>
#14     FlutterCommandRunner.runCommand.<anonymous closure> (package:flutter_tools/src/runner/flutter_command_runner.dart:360:9)
<asynchronous suspension>
#15     AppContext.run.<anonymous closure> (package:flutter_tools/src/base/context.dart:153:19)
<asynchronous suspension>
#16     FlutterCommandRunner.runCommand (package:flutter_tools/src/runner/flutter_command_runner.dart:300:5)
<asynchronous suspension>
#17     run.<anonymous closure>.<anonymous closure> (package:flutter_tools/runner.dart:119:9)
<asynchronous suspension>
#18     AppContext.run.<anonymous closure> (package:flutter_tools/src/base/context.dart:153:19)
<asynchronous suspension>
#19     main (package:flutter_tools/executable.dart:94:3)
<asynchronous suspension>
```

## flutter doctor

```
[!] Flutter (Channel master, 3.21.0-1.0.pre.21, on macOS 12.7.4 21H1123 darwin-x64, locale en-VN)
    • Flutter version 3.21.0-1.0.pre.21 on channel master at /Users/buiquoctinh/Downloads/Flutter-Delivery-App-main/flutter
    ! The flutter binary is not on your path. Consider adding /Users/buiquoctinh/Downloads/Flutter-Delivery-App-main/flutter/bin to your path.
    ! The dart binary is not on your path. Consider adding /Users/buiquoctinh/Downloads/Flutter-Delivery-App-main/flutter/bin to your path.
    • Upstream repository https://github.com/flutter/flutter.git
    • Framework revision bbb005296c (10 weeks ago), 2024-03-05 23:55:05 +0000
    • Engine revision 49bc1577f3
    • Dart version 3.4.0 (build 3.4.0-190.0.dev)
    • DevTools version 2.33.1
    • If those were intentional, you can disregard the above warnings; however it is recommended to use "git" directly to perform update checks and upgrades.

[!] Android toolchain - develop for Android devices (Android SDK version 34.0.0)
    • Android SDK at /Users/buiquoctinh/Library/Android/sdk
    ✗ cmdline-tools component is missing
      Run `path/to/sdkmanager --install "cmdline-tools;latest"`
      See https://developer.android.com/studio/command-line for more details.
    ✗ Android license status unknown.
      Run `flutter doctor --android-licenses` to accept the SDK licenses.
      See https://flutter.dev/docs/get-started/install/macos#android-setup for more details.

[✓] Xcode - develop for iOS and macOS (Xcode 14.2)
    • Xcode at /Applications/Xcode.app/Contents/Developer
    • Build 14C18
    • CocoaPods version 1.15.2

[✓] Chrome - develop for the web
    • Chrome at /Applications/Google Chrome.app/Contents/MacOS/Google Chrome

[✓] Android Studio (version 2023.2)
    • Android Studio at /Applications/Android Studio.app/Contents
    • Flutter plugin can be installed from:
      🔨 https://plugins.jetbrains.com/plugin/9212-flutter
    • Dart plugin can be installed from:
      🔨 https://plugins.jetbrains.com/plugin/6351-dart
    • Java version OpenJDK Runtime Environment (build 17.0.9+0-17.0.9b1087.7-11185874)

[✓] VS Code (version 1.84.2)
    • VS Code at /Users/buiquoctinh/Downloads/Visual Studio Code.app/Contents
    • Flutter extension version 3.88.0

[✓] Connected device (3 available)
    • iPhone 14 (mobile) • 1F62BD0E-E5BC-49A2-991A-BCF011E4780D • ios            • com.apple.CoreSimulator.SimRuntime.iOS-16-2 (simulator)
    • macOS (desktop)    • macos                                • darwin-x64     • macOS 12.7.4 21H1123 darwin-x64
    • Chrome (web)       • chrome                               • web-javascript • Google Chrome 124.0.6367.158

[✓] Network resources
    • All expected network resources are available.

! Doctor found issues in 2 categories.
```
